#
# A fatal error has been detected by the Java Runtime Environment:
#
#  EXCEPTION_ACCESS_VIOLATION (0xc0000005) at pc=0x000000006dcc7193, pid=6756, tid=0x0000000000000614
#
# JRE version: Java(TM) SE Runtime Environment (8.0_101-b13) (build 1.8.0_101-b13)
# Java VM: Java HotSpot(TM) 64-Bit Server VM (25.101-b13 mixed mode windows-amd64 compressed oops)
# Problematic frame:
# V  [jvm.dll+0x217193]
#
# Failed to write core dump. Minidumps are not enabled by default on client versions of Windows
#
# If you would like to submit a bug report, please visit:
#   http://bugreport.java.com/bugreport/crash.jsp
#

---------------  T H R E A D  ---------------

Current thread (0x0000000058591800):  JavaThread "JDWP Transport Listener: dt_socket" daemon [_thread_in_vm, id=1556, stack(0x0000000058f60000,0x0000000059060000)]

siginfo: ExceptionCode=0xc0000005, reading address 0x0000000000000358

Registers:
RAX=0x0000000000000300, RBX=0x0000000000000300, RCX=0x0000000000000000, RDX=0x000000005d06d600
RSP=0x000000005905f140, RBP=0x0000000000000000, RSI=0x0000000000000006, RDI=0x000000005d06d600
R8 =0x0000000000000300, R9 =0x0000000058591800, R10=0x0000000000000000, R11=0x0000000000000000
R12=0x0000000000000000, R13=0x0000000058592418, R14=0x0000000000000000, R15=0x0000000000000000
RIP=0x000000006dcc7193, EFLAGS=0x0000000000010206

Top of Stack: (sp=0x000000005905f140)
0x000000005905f140:   0000000058591800 000000005d06d600
0x000000005905f150:   000000005905f258 000000006dc6ff47
0x000000005905f160:   0000000059d9c800 000000006dc53ab7
0x000000005905f170:   000000005d06d600 000000005905f258
0x000000005905f180:   0000000000000006 000000006dc593d5
0x000000005905f190:   0000000059d9c800 000000006dc55909
0x000000005905f1a0:   0000000000000005 0000000000000000
0x000000005905f1b0:   000000005858ec40 000000007224101e
0x000000005905f1c0:   000000005905f258 000000006dde3188
0x000000005905f1d0:   0000000058591800 0000000001f18a00
0x000000005905f1e0:   000000005a051f60 000000006dbee110
0x000000005905f1f0:   0000000058591800 0000000000000000
0x000000005905f200:   0000000000000000 0000000000000000
0x000000005905f210:   000000005905f290 000000007223d38b
0x000000005905f220:   000000005905f298 000000005a051f60
0x000000005905f230:   000000005a051f60 0000000000000000 

Instructions: (pc=0x000000006dcc7193)
0x000000006dcc7173:   79 60 00 00 4c 8b 1f 49 f7 c3 fe ff ff ff 74 32
0x000000006dcc7183:   41 f6 c3 01 74 89 eb 2a 48 83 e3 fe 48 89 5f 10
0x000000006dcc7193:   48 8b 43 58 48 89 47 10 48 89 5f 18 e8 4c 60 00
0x000000006dcc71a3:   00 4c 8b 1f 41 f6 c3 01 75 08 48 8b cb e8 4b 15 


Register to memory mapping:

RAX=0x0000000000000300 is an unknown value
RBX=0x0000000000000300 is an unknown value
RCX=0x0000000000000000 is an unknown value
RDX=0x000000005d06d600 is an unknown value
RSP=0x000000005905f140 is pointing into the stack for thread: 0x0000000058591800
RBP=0x0000000000000000 is an unknown value
RSI=0x0000000000000006 is an unknown value
RDI=0x000000005d06d600 is an unknown value
R8 =0x0000000000000300 is an unknown value
R9 =0x0000000058591800 is a thread
R10=0x0000000000000000 is an unknown value
R11=0x0000000000000000 is an unknown value
R12=0x0000000000000000 is an unknown value
R13=0x0000000058592418 is an unknown value
R14=0x0000000000000000 is an unknown value
R15=0x0000000000000000 is an unknown value


Stack: [0x0000000058f60000,0x0000000059060000],  sp=0x000000005905f140,  free space=1020k
Native frames: (J=compiled Java code, j=interpreted, Vv=VM code, C=native code)


---------------  P R O C E S S  ---------------

Java Threads: ( => current thread )
  0x000000005a31f000 JavaThread "pool-2-thread-4" [_thread_blocked, id=6656, stack(0x000000005e220000,0x000000005e320000)]
  0x0000000059da0800 JavaThread "pool-2-thread-3" [_thread_blocked, id=2900, stack(0x000000005dda0000,0x000000005dea0000)]
  0x0000000059da1000 JavaThread "pool-2-thread-2" [_thread_blocked, id=6588, stack(0x000000005dbc0000,0x000000005dcc0000)]
  0x0000000059d9f800 JavaThread "pool-2-thread-1" [_thread_blocked, id=6380, stack(0x000000005c2d0000,0x000000005c3d0000)]
  0x0000000059d9f000 JavaThread "Okio Watchdog" daemon [_thread_blocked, id=7128, stack(0x000000005c520000,0x000000005c620000)]
  0x0000000059d9b000 JavaThread "OkHttp ConnectionPool" daemon [_thread_blocked, id=6544, stack(0x000000005c1c0000,0x000000005c2c0000)]
  0x0000000059d9e000 JavaThread "pool-3-thread-3" [_thread_blocked, id=6428, stack(0x000000005c750000,0x000000005c850000)]
  0x0000000059d9d800 JavaThread "pool-3-thread-2" [_thread_blocked, id=6420, stack(0x000000005b5f0000,0x000000005b6f0000)]
  0x0000000059d9c000 JavaThread "pool-3-thread-1" [_thread_blocked, id=6392, stack(0x000000005c420000,0x000000005c520000)]
  0x0000000059e09800 JavaThread "file-event-handler-thread" [_thread_blocked, id=6452, stack(0x000000005bbd0000,0x000000005bcd0000)]
  0x0000000058605800 JavaThread "Thread-4" [_thread_in_native, id=3788, stack(0x000000005bac0000,0x000000005bbc0000)]
  0x0000000058603000 JavaThread "server-timer" daemon [_thread_blocked, id=6400, stack(0x000000005aae0000,0x000000005abe0000)]
  0x0000000059e38000 JavaThread "MVStore background writer nio:C:/foxjcRsync.mv.db" daemon [_thread_blocked, id=7132, stack(0x000000005acf0000,0x000000005adf0000)]
  0x0000000059f3c000 JavaThread "H2 TCP Server (tcp://192.168.1.106:9095) thread" [_thread_in_native, id=6260, stack(0x000000005b340000,0x000000005b440000)]
  0x0000000059f73800 JavaThread "H2 TCP Server (tcp://192.168.1.106:9095)" [_thread_in_native, id=820, stack(0x0000000059600000,0x0000000059700000)]
  0x00000000585e7800 JavaThread "Druid-ConnectionPool-Destroy-1850954068" daemon [_thread_blocked, id=6972, stack(0x000000005adf0000,0x000000005aef0000)]
  0x000000005877b800 JavaThread "Druid-ConnectionPool-Create-1850954068" daemon [_thread_blocked, id=5504, stack(0x000000005abe0000,0x000000005ace0000)]
  0x000000005861b000 JavaThread "Service Thread" daemon [_thread_blocked, id=4644, stack(0x0000000059a10000,0x0000000059b10000)]
  0x00000000585fb800 JavaThread "C1 CompilerThread2" daemon [_thread_blocked, id=3588, stack(0x00000000598a0000,0x00000000599a0000)]
  0x00000000585b1800 JavaThread "C2 CompilerThread1" daemon [_thread_blocked, id=5952, stack(0x0000000059170000,0x0000000059270000)]
  0x00000000585b0000 JavaThread "C2 CompilerThread0" daemon [_thread_blocked, id=6900, stack(0x0000000059710000,0x0000000059810000)]
  0x00000000585a2800 JavaThread "JDWP Command Reader" daemon [_thread_in_native, id=1380, stack(0x00000000594b0000,0x00000000595b0000)]
  0x000000005859f000 JavaThread "JDWP Event Helper Thread" daemon [_thread_blocked, id=1208, stack(0x0000000059350000,0x0000000059450000)]
=>0x0000000058591800 JavaThread "JDWP Transport Listener: dt_socket" daemon [_thread_in_vm, id=1556, stack(0x0000000058f60000,0x0000000059060000)]
  0x000000005709b800 JavaThread "Attach Listener" daemon [_thread_blocked, id=6852, stack(0x0000000058c90000,0x0000000058d90000)]
  0x000000005857a800 JavaThread "Signal Dispatcher" daemon [_thread_blocked, id=6880, stack(0x0000000058a60000,0x0000000058b60000)]
  0x000000005707c000 JavaThread "Finalizer" daemon [_thread_blocked, id=6848, stack(0x0000000058470000,0x0000000058570000)]
  0x0000000057032800 JavaThread "Reference Handler" daemon [_thread_blocked, id=6856, stack(0x00000000582a0000,0x00000000583a0000)]
  0x0000000001f1f000 JavaThread "main" [_thread_in_native, id=6776, stack(0x0000000002390000,0x0000000002490000)]

Other Threads:
  0x000000005702d000 VMThread [stack: 0x0000000058110000,0x0000000058210000] [id=1196]
  0x0000000058659000 WatcherThread [stack: 0x0000000059b90000,0x0000000059c90000] [id=3488]

VM state:synchronizing (normal execution)

VM Mutex/Monitor currently owned by a thread:  ([mutex/lock_event])
[0x0000000001f1d010] Threads_lock - owner thread: 0x000000005702d000

Heap:
 PSYoungGen      total 36864K, used 13281K [0x00000000d5a00000, 0x00000000d8780000, 0x0000000100000000)
  eden space 29184K, 42% used [0x00000000d5a00000,0x00000000d6638690,0x00000000d7680000)
  from space 7680K, 10% used [0x00000000d8000000,0x00000000d80c0030,0x00000000d8780000)
  to   space 8704K, 0% used [0x00000000d7680000,0x00000000d7680000,0x00000000d7f00000)
 ParOldGen       total 43008K, used 7495K [0x0000000080e00000, 0x0000000083800000, 0x00000000d5a00000)
  object space 43008K, 17% used [0x0000000080e00000,0x0000000081551f80,0x0000000083800000)
 Metaspace       used 23699K, capacity 23962K, committed 24064K, reserved 1071104K
  class space    used 2410K, capacity 2525K, committed 2560K, reserved 1048576K

Card table byte_map: [0x0000000011850000,0x0000000011c50000] byte_map_base: 0x0000000011449000

Marking Bits: (ParMarkBitMap*) 0x000000006e2ca6d0
 Begin Bits: [0x0000000012310000, 0x00000000142d8000)
 End Bits:   [0x00000000142d8000, 0x00000000162a0000)

Polling page: 0x00000000000a0000

CodeCache: size=245760Kb used=13620Kb max_used=13627Kb free=232139Kb
 bounds [0x0000000002490000, 0x0000000003200000, 0x0000000011490000]
 total_blobs=3784 nmethods=3304 adapters=399
 compilation: enabled

Compilation events (10 events):
Event: 237.567 Thread 0x00000000585fb800 3684   !   3       org.h2.jdbc.JdbcPreparedStatement::executeQuery (198 bytes)
Event: 237.569 Thread 0x00000000585fb800 nmethod 3684 0x0000000002f3b310 code [0x0000000002f3b580, 0x0000000002f3c5e8]
Event: 237.569 Thread 0x00000000585fb800 3685       3       org.h2.mvstore.db.MVPrimaryIndex::find (168 bytes)
Event: 237.570 Thread 0x00000000585b0000 3686       4       org.h2.value.ValueTimestamp::hashCode (27 bytes)
Event: 237.570 Thread 0x00000000585b0000 nmethod 3686 0x0000000002909850 code [0x0000000002909980, 0x00000000029099f8]
Event: 237.571 Thread 0x00000000585fb800 nmethod 3685 0x00000000031f1b10 code [0x00000000031f1dc0, 0x00000000031f2f88]
Event: 240.580 Thread 0x00000000585b0000 3687       4       org.h2.expression.ExpressionColumn::getType (8 bytes)
Event: 240.581 Thread 0x00000000585b0000 nmethod 3687 0x0000000002ade390 code [0x0000000002ade4c0, 0x0000000002ade558]
Event: 240.590 Thread 0x00000000585fb800 3688       3       org.h2.command.dml.Optimizer::optimize (119 bytes)
Event: 240.591 Thread 0x00000000585fb800 nmethod 3688 0x0000000002836ed0 code [0x00000000028370e0, 0x0000000002837978]

GC Heap History (10 events):
Event: 137.884 GC heap before
{Heap before GC invocations=9 (full 1):
 PSYoungGen      total 33280K, used 32995K [0x00000000d5a00000, 0x00000000d8c00000, 0x0000000100000000)
  eden space 31744K, 99% used [0x00000000d5a00000,0x00000000d78fe3a8,0x00000000d7900000)
  from space 1536K, 81% used [0x00000000d7980000,0x00000000d7aba980,0x00000000d7b00000)
  to   space 9728K, 0% used [0x00000000d8280000,0x00000000d8280000,0x00000000d8c00000)
 ParOldGen       total 43008K, used 6398K [0x0000000080e00000, 0x0000000083800000, 0x00000000d5a00000)
  object space 43008K, 14% used [0x0000000080e00000,0x000000008143fa38,0x0000000083800000)
 Metaspace       used 23409K, capacity 23642K, committed 23808K, reserved 1071104K
  class space    used 2409K, capacity 2525K, committed 2560K, reserved 1048576K
Event: 137.889 GC heap after
Heap after GC invocations=9 (full 1):
 PSYoungGen      total 40448K, used 576K [0x00000000d5a00000, 0x00000000d8b80000, 0x0000000100000000)
  eden space 31232K, 0% used [0x00000000d5a00000,0x00000000d5a00000,0x00000000d7880000)
  from space 9216K, 6% used [0x00000000d8280000,0x00000000d8310010,0x00000000d8b80000)
  to   space 9728K, 0% used [0x00000000d7880000,0x00000000d7880000,0x00000000d8200000)
 ParOldGen       total 43008K, used 7055K [0x0000000080e00000, 0x0000000083800000, 0x00000000d5a00000)
  object space 43008K, 16% used [0x0000000080e00000,0x00000000814e3f80,0x0000000083800000)
 Metaspace       used 23409K, capacity 23642K, committed 23808K, reserved 1071104K
  class space    used 2409K, capacity 2525K, committed 2560K, reserved 1048576K
}
Event: 161.216 GC heap before
{Heap before GC invocations=10 (full 1):
 PSYoungGen      total 40448K, used 31808K [0x00000000d5a00000, 0x00000000d8b80000, 0x0000000100000000)
  eden space 31232K, 100% used [0x00000000d5a00000,0x00000000d7880000,0x00000000d7880000)
  from space 9216K, 6% used [0x00000000d8280000,0x00000000d8310010,0x00000000d8b80000)
  to   space 9728K, 0% used [0x00000000d7880000,0x00000000d7880000,0x00000000d8200000)
 ParOldGen       total 43008K, used 7055K [0x0000000080e00000, 0x0000000083800000, 0x00000000d5a00000)
  object space 43008K, 16% used [0x0000000080e00000,0x00000000814e3f80,0x0000000083800000)
 Metaspace       used 23502K, capacity 23770K, committed 24064K, reserved 1071104K
  class space    used 2410K, capacity 2525K, committed 2560K, reserved 1048576K
Event: 161.220 GC heap after
Heap after GC invocations=10 (full 1):
 PSYoungGen      total 31232K, used 480K [0x00000000d5a00000, 0x00000000d8b00000, 0x0000000100000000)
  eden space 30720K, 0% used [0x00000000d5a00000,0x00000000d5a00000,0x00000000d7800000)
  from space 512K, 93% used [0x00000000d7880000,0x00000000d78f8000,0x00000000d7900000)
  to   space 9728K, 0% used [0x00000000d8180000,0x00000000d8180000,0x00000000d8b00000)
 ParOldGen       total 43008K, used 7199K [0x0000000080e00000, 0x0000000083800000, 0x00000000d5a00000)
  object space 43008K, 16% used [0x0000000080e00000,0x0000000081507f80,0x0000000083800000)
 Metaspace       used 23502K, capacity 23770K, committed 24064K, reserved 1071104K
  class space    used 2410K, capacity 2525K, committed 2560K, reserved 1048576K
}
Event: 183.569 GC heap before
{Heap before GC invocations=11 (full 1):
 PSYoungGen      total 31232K, used 31184K [0x00000000d5a00000, 0x00000000d8b00000, 0x0000000100000000)
  eden space 30720K, 99% used [0x00000000d5a00000,0x00000000d77fc398,0x00000000d7800000)
  from space 512K, 93% used [0x00000000d7880000,0x00000000d78f8000,0x00000000d7900000)
  to   space 9728K, 0% used [0x00000000d8180000,0x00000000d8180000,0x00000000d8b00000)
 ParOldGen       total 43008K, used 7199K [0x0000000080e00000, 0x0000000083800000, 0x00000000d5a00000)
  object space 43008K, 16% used [0x0000000080e00000,0x0000000081507f80,0x0000000083800000)
 Metaspace       used 23587K, capacity 23834K, committed 24064K, reserved 1071104K
  class space    used 2410K, capacity 2525K, committed 2560K, reserved 1048576K
Event: 183.572 GC heap after
Heap after GC invocations=11 (full 1):
 PSYoungGen      total 38400K, used 576K [0x00000000d5a00000, 0x00000000d8980000, 0x0000000100000000)
  eden space 30208K, 0% used [0x00000000d5a00000,0x00000000d5a00000,0x00000000d7780000)
  from space 8192K, 7% used [0x00000000d8180000,0x00000000d8210030,0x00000000d8980000)
  to   space 9216K, 0% used [0x00000000d7780000,0x00000000d7780000,0x00000000d8080000)
 ParOldGen       total 43008K, used 7383K [0x0000000080e00000, 0x0000000083800000, 0x00000000d5a00000)
  object space 43008K, 17% used [0x0000000080e00000,0x0000000081535f80,0x0000000083800000)
 Metaspace       used 23587K, capacity 23834K, committed 24064K, reserved 1071104K
  class space    used 2410K, capacity 2525K, committed 2560K, reserved 1048576K
}
Event: 207.575 GC heap before
{Heap before GC invocations=12 (full 1):
 PSYoungGen      total 38400K, used 30739K [0x00000000d5a00000, 0x00000000d8980000, 0x0000000100000000)
  eden space 30208K, 99% used [0x00000000d5a00000,0x00000000d7774fa0,0x00000000d7780000)
  from space 8192K, 7% used [0x00000000d8180000,0x00000000d8210030,0x00000000d8980000)
  to   space 9216K, 0% used [0x00000000d7780000,0x00000000d7780000,0x00000000d8080000)
 ParOldGen       total 43008K, used 7383K [0x0000000080e00000, 0x0000000083800000, 0x00000000d5a00000)
  object space 43008K, 17% used [0x0000000080e00000,0x0000000081535f80,0x0000000083800000)
 Metaspace       used 23633K, capacity 23898K, committed 24064K, reserved 1071104K
  class space    used 2410K, capacity 2525K, committed 2560K, reserved 1048576K
Event: 207.578 GC heap after
Heap after GC invocations=12 (full 1):
 PSYoungGen      total 30720K, used 512K [0x00000000d5a00000, 0x00000000d8900000, 0x0000000100000000)
  eden space 29696K, 0% used [0x00000000d5a00000,0x00000000d5a00000,0x00000000d7700000)
  from space 1024K, 50% used [0x00000000d7780000,0x00000000d7800020,0x00000000d7880000)
  to   space 9216K, 0% used [0x00000000d8000000,0x00000000d8000000,0x00000000d8900000)
 ParOldGen       total 43008K, used 7495K [0x0000000080e00000, 0x0000000083800000, 0x00000000d5a00000)
  object space 43008K, 17% used [0x0000000080e00000,0x0000000081551f80,0x0000000083800000)
 Metaspace       used 23633K, capacity 23898K, committed 24064K, reserved 1071104K
  class space    used 2410K, capacity 2525K, committed 2560K, reserved 1048576K
}
Event: 231.573 GC heap before
{Heap before GC invocations=13 (full 1):
 PSYoungGen      total 30720K, used 30179K [0x00000000d5a00000, 0x00000000d8900000, 0x0000000100000000)
  eden space 29696K, 99% used [0x00000000d5a00000,0x00000000d76f8ef8,0x00000000d7700000)
  from space 1024K, 50% used [0x00000000d7780000,0x00000000d7800020,0x00000000d7880000)
  to   space 9216K, 0% used [0x00000000d8000000,0x00000000d8000000,0x00000000d8900000)
 ParOldGen       total 43008K, used 7495K [0x0000000080e00000, 0x0000000083800000, 0x00000000d5a00000)
  object space 43008K, 17% used [0x0000000080e00000,0x0000000081551f80,0x0000000083800000)
 Metaspace       used 23685K, capacity 23962K, committed 24064K, reserved 1071104K
  class space    used 2410K, capacity 2525K, committed 2560K, reserved 1048576K
Event: 231.576 GC heap after
Heap after GC invocations=13 (full 1):
 PSYoungGen      total 36864K, used 768K [0x00000000d5a00000, 0x00000000d8780000, 0x0000000100000000)
  eden space 29184K, 0% used [0x00000000d5a00000,0x00000000d5a00000,0x00000000d7680000)
  from space 7680K, 10% used [0x00000000d8000000,0x00000000d80c0030,0x00000000d8780000)
  to   space 8704K, 0% used [0x00000000d7680000,0x00000000d7680000,0x00000000d7f00000)
 ParOldGen       total 43008K, used 7495K [0x0000000080e00000, 0x0000000083800000, 0x00000000d5a00000)
  object space 43008K, 17% used [0x0000000080e00000,0x0000000081551f80,0x0000000083800000)
 Metaspace       used 23685K, capacity 23962K, committed 24064K, reserved 1071104K
  class space    used 2410K, capacity 2525K, committed 2560K, reserved 1048576K
}

Deoptimization events (10 events):
Event: 33.796 Thread 0x0000000059d9c000 Uncommon trap: reason=class_check action=maybe_recompile pc=0x000000000289e988 method=java.io.DataInputStream.readChar()C @ 4
Event: 33.796 Thread 0x0000000059d9c000 Uncommon trap: reason=class_check action=maybe_recompile pc=0x000000000289e988 method=java.io.DataInputStream.readChar()C @ 4
Event: 33.796 Thread 0x0000000059d9c000 Uncommon trap: reason=class_check action=maybe_recompile pc=0x000000000289e988 method=java.io.DataInputStream.readChar()C @ 4
Event: 33.796 Thread 0x0000000059d9c000 Uncommon trap: reason=class_check action=maybe_recompile pc=0x000000000289e988 method=java.io.DataInputStream.readChar()C @ 4
Event: 33.821 Thread 0x0000000059d9c000 Uncommon trap: reason=class_check action=maybe_recompile pc=0x0000000002840384 method=java.util.HashSet.contains(Ljava/lang/Object;)Z @ 5
Event: 33.897 Thread 0x0000000059d9c000 Uncommon trap: reason=class_check action=maybe_recompile pc=0x0000000002840384 method=java.util.HashSet.contains(Ljava/lang/Object;)Z @ 5
Event: 43.729 Thread 0x0000000059e38000 Uncommon trap: reason=unstable_if action=reinterpret pc=0x0000000002b44938 method=org.h2.mvstore.MVStore.canOverwriteChunk(Lorg/h2/mvstore/Chunk;J)Z @ 47
Event: 108.630 Thread 0x0000000059e38000 Uncommon trap: reason=unstable_if action=reinterpret pc=0x0000000002dc837c method=org.h2.mvstore.MVStore.compactGetOldChunks(II)Ljava/util/ArrayList; @ 128
Event: 156.009 Thread 0x0000000059e38000 Uncommon trap: reason=unstable_if action=reinterpret pc=0x0000000002fcaef8 method=sun.nio.ch.Util$BufferCache.get(I)Ljava/nio/ByteBuffer; @ 26
Event: 201.570 Thread 0x0000000059e38000 Uncommon trap: reason=unstable_if action=reinterpret pc=0x0000000002d2a500 method=org.h2.mvstore.cache.CacheLongKeyLIRS$Segment.get(JI)Ljava/lang/Object; @ 90

Internal exceptions (10 events):
Event: 228.567 Thread 0x0000000059d9c000 Exception <a 'java/net/SocketTimeoutException': Read timed out> (0x00000000d7270d20) thrown at [C:\re\workspace\8-2-build-windows-amd64-cygwin\jdk8u101\7261\hotspot\src\share\vm\prims\jni.cpp, line 735]
Event: 228.590 Thread 0x0000000059d9c000 Exception <a 'java/net/SocketTimeoutException': Read timed out> (0x00000000d74114b8) thrown at [C:\re\workspace\8-2-build-windows-amd64-cygwin\jdk8u101\7261\hotspot\src\share\vm\prims\jni.cpp, line 735]
Event: 231.563 Thread 0x0000000059d9c000 Exception <a 'java/net/SocketTimeoutException': Read timed out> (0x00000000d760e108) thrown at [C:\re\workspace\8-2-build-windows-amd64-cygwin\jdk8u101\7261\hotspot\src\share\vm\prims\jni.cpp, line 735]
Event: 231.585 Thread 0x0000000059d9c000 Exception <a 'java/net/SocketTimeoutException': Read timed out> (0x00000000d5a82960) thrown at [C:\re\workspace\8-2-build-windows-amd64-cygwin\jdk8u101\7261\hotspot\src\share\vm\prims\jni.cpp, line 735]
Event: 234.564 Thread 0x0000000059d9e000 Exception <a 'java/net/SocketTimeoutException': Read timed out> (0x00000000d5c252f0) thrown at [C:\re\workspace\8-2-build-windows-amd64-cygwin\jdk8u101\7261\hotspot\src\share\vm\prims\jni.cpp, line 735]
Event: 234.607 Thread 0x0000000059d9e000 Exception <a 'java/net/SocketTimeoutException': Read timed out> (0x00000000d5e0a6a0) thrown at [C:\re\workspace\8-2-build-windows-amd64-cygwin\jdk8u101\7261\hotspot\src\share\vm\prims\jni.cpp, line 735]
Event: 237.563 Thread 0x0000000059d9e000 Exception <a 'java/net/SocketTimeoutException': Read timed out> (0x00000000d5fff2a0) thrown at [C:\re\workspace\8-2-build-windows-amd64-cygwin\jdk8u101\7261\hotspot\src\share\vm\prims\jni.cpp, line 735]
Event: 237.589 Thread 0x0000000059d9e000 Exception <a 'java/net/SocketTimeoutException': Read timed out> (0x00000000d61486e8) thrown at [C:\re\workspace\8-2-build-windows-amd64-cygwin\jdk8u101\7261\hotspot\src\share\vm\prims\jni.cpp, line 735]
Event: 240.563 Thread 0x0000000059d9c000 Exception <a 'java/net/SocketTimeoutException': Read timed out> (0x00000000d63921d0) thrown at [C:\re\workspace\8-2-build-windows-amd64-cygwin\jdk8u101\7261\hotspot\src\share\vm\prims\jni.cpp, line 735]
Event: 240.584 Thread 0x0000000059d9c000 Exception <a 'java/net/SocketTimeoutException': Read timed out> (0x00000000d6531820) thrown at [C:\re\workspace\8-2-build-windows-amd64-cygwin\jdk8u101\7261\hotspot\src\share\vm\prims\jni.cpp, line 735]

Events (10 events):
Event: 240.584 Thread 0x0000000059d9c000 DEOPT PACKING pc=0x0000000003183ae4 sp=0x000000005c51dfd0
Event: 240.584 Thread 0x0000000059d9c000 DEOPT UNPACKING pc=0x00000000024d787f sp=0x000000005c51dd78 mode 1
Event: 240.584 Thread 0x0000000059d9c000 DEOPT PACKING pc=0x0000000003181544 sp=0x000000005c51e0c0
Event: 240.584 Thread 0x0000000059d9c000 DEOPT UNPACKING pc=0x00000000024d787f sp=0x000000005c51de40 mode 1
Event: 240.585 Thread 0x0000000059d9c800 Thread added: 0x0000000059d9c800
Event: 240.588 Thread 0x0000000059d9c800 Thread exited: 0x0000000059d9c800
Event: 240.589 Thread 0x0000000059d9c800 Thread added: 0x0000000059d9c800
Event: 240.592 Thread 0x0000000059d9c800 Thread exited: 0x0000000059d9c800
Event: 240.593 Thread 0x0000000059d9c800 Thread added: 0x0000000059d9c800
Event: 240.597 Thread 0x0000000059d9c800 Thread exited: 0x0000000059d9c800


Dynamic libraries:
0x000000013f1e0000 - 0x000000013f217000 	D:\Java\jdk1.8.0_101\bin\javaw.exe
0x0000000077110000 - 0x00000000772b9000 	C:\windows\SYSTEM32\ntdll.dll
0x0000000076c70000 - 0x0000000076d8f000 	C:\windows\system32\kernel32.dll
0x000007fefd6c0000 - 0x000007fefd72c000 	C:\windows\system32\KERNELBASE.dll
0x000007fefdc30000 - 0x000007fefdd0b000 	C:\windows\system32\ADVAPI32.dll
0x000007fefeea0000 - 0x000007fefef3f000 	C:\windows\system32\msvcrt.dll
0x000007fefd7b0000 - 0x000007fefd7cf000 	C:\windows\SYSTEM32\sechost.dll
0x000007fefebd0000 - 0x000007fefecfd000 	C:\windows\system32\RPCRT4.dll
0x0000000076a30000 - 0x0000000076b2a000 	C:\windows\system32\USER32.dll
0x000007fefdd10000 - 0x000007fefdd77000 	C:\windows\system32\GDI32.dll
0x000007fefddb0000 - 0x000007fefddbe000 	C:\windows\system32\LPK.dll
0x000007feff350000 - 0x000007feff419000 	C:\windows\system32\USP10.dll
0x000007fefbcc0000 - 0x000007fefbeb4000 	C:\windows\WinSxS\amd64_microsoft.windows.common-controls_6595b64144ccf1df_6.0.7601.17514_none_fa396087175ac9ac\COMCTL32.dll
0x000007feff020000 - 0x000007feff091000 	C:\windows\system32\SHLWAPI.dll
0x000007fefdd80000 - 0x000007fefddae000 	C:\windows\system32\IMM32.DLL
0x000007fefed90000 - 0x000007fefee99000 	C:\windows\system32\MSCTF.dll
0x0000000067e40000 - 0x0000000067f12000 	D:\Java\jdk1.8.0_101\jre\bin\msvcr100.dll
0x000000006dab0000 - 0x000000006e34a000 	D:\Java\jdk1.8.0_101\jre\bin\server\jvm.dll
0x000007fef19a0000 - 0x000007fef19a9000 	C:\windows\system32\WSOCK32.dll
0x000007fefddc0000 - 0x000007fefde0d000 	C:\windows\system32\WS2_32.dll
0x000007fefde10000 - 0x000007fefde18000 	C:\windows\system32\NSI.dll
0x000007fefd770000 - 0x000007fefd7ab000 	C:\windows\system32\WINMM.dll
0x000007fefc480000 - 0x000007fefc48c000 	C:\windows\system32\VERSION.dll
0x00000000772e0000 - 0x00000000772e7000 	C:\windows\system32\PSAPI.DLL
0x0000000070db0000 - 0x0000000070dbf000 	D:\Java\jdk1.8.0_101\jre\bin\verify.dll
0x000000006d9a0000 - 0x000000006d9c9000 	D:\Java\jdk1.8.0_101\jre\bin\java.dll
0x0000000072220000 - 0x0000000072255000 	D:\Java\jdk1.8.0_101\jre\bin\jdwp.dll
0x0000000072500000 - 0x0000000072508000 	D:\Java\jdk1.8.0_101\jre\bin\npt.dll
0x0000000070c10000 - 0x0000000070c26000 	D:\Java\jdk1.8.0_101\jre\bin\zip.dll
0x000007fefde40000 - 0x000007fefebc8000 	C:\windows\system32\SHELL32.dll
0x000007feff0a0000 - 0x000007feff2a3000 	C:\windows\system32\ole32.dll
0x000007fefd340000 - 0x000007fefd34f000 	C:\windows\system32\profapi.dll
0x0000000072560000 - 0x0000000072569000 	D:\Java\jdk1.8.0_101\jre\bin\dt_socket.dll
0x000007fefb080000 - 0x000007fefb095000 	C:\windows\system32\NLAapi.dll
0x000007fef6dc0000 - 0x000007fef6dd5000 	C:\windows\system32\napinsp.dll
0x000007fef6b80000 - 0x000007fef6b99000 	C:\windows\system32\pnrpnsp.dll
0x000007fefcb70000 - 0x000007fefcbc5000 	C:\windows\System32\mswsock.dll
0x000007fefc9f0000 - 0x000007fefca4b000 	C:\windows\system32\DNSAPI.dll
0x000007fef6b70000 - 0x000007fef6b7b000 	C:\windows\System32\winrnr.dll
0x000007fef6b60000 - 0x000007fef6b70000 	C:\windows\system32\wshbth.dll
0x000007fefac50000 - 0x000007fefac77000 	C:\windows\system32\IPHLPAPI.DLL
0x000007fefac40000 - 0x000007fefac4b000 	C:\windows\system32\WINNSI.DLL
0x000007fefaae0000 - 0x000007fefab33000 	C:\windows\System32\fwpuclnt.dll
0x000007fef7330000 - 0x000007fef7338000 	C:\windows\system32\rasadhlp.dll
0x000007fefc550000 - 0x000007fefc557000 	C:\windows\System32\wshtcpip.dll
0x0000000072210000 - 0x000000007221d000 	D:\Java\jdk1.8.0_101\jre\bin\management.dll
0x000000006e530000 - 0x000000006e54a000 	D:\Java\jdk1.8.0_101\jre\bin\net.dll
0x000007fefcb60000 - 0x000007fefcb67000 	C:\windows\System32\wship6.dll
0x000000006d980000 - 0x000000006d991000 	D:\Java\jdk1.8.0_101\jre\bin\nio.dll
0x00000000677d0000 - 0x0000000067968000 	D:\Java\jdk1.8.0_101\jre\bin\awt.dll
0x000007fefef40000 - 0x000007feff017000 	C:\windows\system32\OLEAUT32.dll
0x000007fefcbd0000 - 0x000007fefcbe7000 	C:\windows\system32\CRYPTSP.dll
0x000007fefc8d0000 - 0x000007fefc917000 	C:\windows\system32\rsaenh.dll
0x000007fefc690000 - 0x000007fefc6ae000 	C:\windows\system32\USERENV.dll
0x000007fefd230000 - 0x000007fefd23f000 	C:\windows\system32\CRYPTBASE.dll
0x000007fefaa90000 - 0x000007fefaaa8000 	C:\windows\system32\dhcpcsvc.DLL
0x000007fefaa70000 - 0x000007fefaa81000 	C:\windows\system32\dhcpcsvc6.DLL
0x000000006f180000 - 0x000000006f23e000 	C:\Users\Administrator\AppData\Local\Temp\jnotify\jnotify_64bit.dll
0x0000000072530000 - 0x0000000072554000 	D:\Java\jdk1.8.0_101\jre\bin\sunec.dll
0x000007fef1870000 - 0x000007fef1995000 	C:\windows\system32\dbghelp.dll

VM Arguments:
jvm_args: -agentlib:jdwp=transport=dt_socket,suspend=y,address=localhost:3278 -Dfile.encoding=UTF-8 
java_command: HttpServerTest
java_class_path (initial): C:\Users\Administrator\git\file-sync\bin;C:\Users\Administrator\git\file-sync\lib\commons-dbutils-fox-1.6.jar;C:\Users\Administrator\git\file-sync\lib\commons-io-2.5.jar;C:\Users\Administrator\git\file-sync\lib\commons-lang3-3.5.jar;C:\Users\Administrator\git\file-sync\lib\commons-logging-1.2.jar;C:\Users\Administrator\git\file-sync\lib\fastjson-1.2.5.jar;C:\Users\Administrator\git\file-sync\lib\foxjc-service-file-monitor.jar;C:\Users\Administrator\git\file-sync\lib\h2-1.4.195.jar;C:\Users\Administrator\git\file-sync\lib\jnotify-foxjc-0.94.jar;C:\Users\Administrator\git\file-sync\lib\mzlion-core-1.1.2.jar;C:\Users\Administrator\git\file-sync\lib\okhttp-3.8.1.jar;C:\Users\Administrator\git\file-sync\lib\okio-1.13.0.jar;C:\Users\Administrator\git\file-sync\lib\slf4j-api-1.7.2.jar;C:\Users\Administrator\git\file-sync\lib\spring-context-3.2.8.RELEASE.jar;C:\Users\Administrator\git\file-sync\lib\log4j-1.2-api-2.8.2.jar;C:\Users\Administrator\git\file-sync\lib\log4j-api-2.8.2.jar;C:\Users\Administrator\git\file-sync\lib\log4j-core-2.8.2.jar;C:\Users\Administrator\git\file-sync\lib\log4j-slf4j-impl-2.8.2.jar;C:\Users\Administrator\git\file-sync\lib\druid-1.0.29.jar
Launcher Type: SUN_STANDARD

Environment Variables:
JAVA_HOME=D:\Java\jdk1.8.0_101
PATH=D:\Java\jdk1.8.0_101\jre\bin;D:/Java/jdk1.8.0_101/bin/../jre/bin/server;D:/Java/jdk1.8.0_101/bin/../jre/bin;D:/Java/jdk1.8.0_101/bin/../jre/lib/amd64;C:\windows\system32;C:\windows;C:\windows\System32\Wbem;C:\windows\System32\WindowsPowerShell\v1.0\;C:\Program Files (x86)\NVIDIA Corporation\PhysX\Common;C:\Cmd;D:\Java\jdk1.8.0_101\bin;.;D:\Program Files\eclipse;
USERNAME=Administrator
OS=Windows_NT
PROCESSOR_IDENTIFIER=Intel64 Family 6 Model 58 Stepping 9, GenuineIntel



---------------  S Y S T E M  ---------------

OS: Windows 7 , 64 bit Build 7601 (6.1.7601.18409)

CPU:total 4 (2 cores per cpu, 2 threads per core) family 6 model 58 stepping 9, cmov, cx8, fxsr, mmx, sse, sse2, sse3, ssse3, sse4.1, sse4.2, popcnt, avx, clmul, erms, ht, tsc, tscinvbit, tscinv

Memory: 4k page, physical 8330008k(4924672k free), swap 16658152k(12146500k free)

vm_info: Java HotSpot(TM) 64-Bit Server VM (25.101-b13) for windows-amd64 JRE (1.8.0_101-b13), built on Jun 22 2016 01:21:29 by "java_re" with MS VC++ 10.0 (VS2010)

time: Sun Jun 25 08:07:53 2017
elapsed time: 240 seconds (0d 0h 4m 0s)

